Arguments: 
  E:\nodejs\node.exe E:\Yarn\bin\yarn.js add vue-cil

PATH: 
  E:\cmder\vendor\git-for-windows\mingw64\bin;E:\cmder\vendor\git-for-windows\usr\bin;C:\Users\x9\bin;C:\Program Files (x86)\Common Files\Oracle\Java\javapath;E:\python\Scripts;E:\python;C:\windows\system32;C:\windows;C:\windows\system32\wbem;C:\windows\system32\windowspowershell\v1.0;C:\mingw\bin;C:\Program Files\PowerShell\6;C:\Gradle\gradle-6.6\bin;C:\Go\bin;E:\Yarn\bin;E:\adb\platform-tools;E:\nodejs;C:\Users\x9\AppData\Local\Microsoft\WindowsApps;C:\Users\x9\go\bin;C:\Users\x9\AppData\Local\Programs\Microsoft VS Code\bin;C:\Users\x9\AppData\Local\Yarn\bin;C:\Users\x9\AppData\Roaming\npm

Yarn version: 
  1.22.5

Node version: 
  14.18.1

Platform: 
  win32 x64

Trace: 
  Error: https://registry.npm.taobao.org/vue-cil: Not found
      at Request.params.callback [as _callback] (E:\Yarn\lib\cli.js:66097:18)
      at Request.self.callback (E:\Yarn\lib\cli.js:140749:22)
      at Request.emit (events.js:400:28)
      at Request.<anonymous> (E:\Yarn\lib\cli.js:141721:10)
      at Request.emit (events.js:400:28)
      at IncomingMessage.<anonymous> (E:\Yarn\lib\cli.js:141643:12)
      at Object.onceWrapper (events.js:519:28)
      at IncomingMessage.emit (events.js:412:35)
      at endReadableNT (internal/streams/readable.js:1334:12)
      at processTicksAndRejections (internal/process/task_queues.js:82:21)

npm manifest: 
  No manifest

yarn manifest: 
  No manifest

Lockfile: 
  No lockfile
